<?xml version="1.0" encoding="UTF-8"?>
<testsuite name="com.heyh.collection.hashMap.HashMapTest" tests="1" skipped="0" failures="0" errors="0" timestamp="2019-08-22T02:59:33" hostname="heyhdeMacBook-Pro.local" time="0.006">
  <properties/>
  <testcase name="test1" classname="com.heyh.collection.hashMap.HashMapTest" time="0.006"/>
  <system-out><![CDATA[key 0, value is: value: 0
key 1, value is: value: 1
key 2, value is: value: 2
key 3, value is: value: 3
key 4, value is: value: 4
key 5, value is: value: 5
key 6, value is: value: 6
key 7, value is: value: 7
key 8, value is: value: 8
key 9, value is: value: 9
]]></system-out>
  <system-err><![CDATA[]]></system-err>
</testsuite>
