<?xml version="1.0" encoding="UTF-8"?>
<testsuite name="com.heyh.valid.desginpattern.singleton.MySingleTonTest" tests="1" skipped="0" failures="0" errors="0" timestamp="2019-11-18T07:01:00" hostname="heyhdeMBP" time="0.004">
  <properties/>
  <testcase name="test1" classname="com.heyh.valid.desginpattern.singleton.MySingleTonTest" time="0.004"/>
  <system-out><![CDATA[zhangsan: 1001
zhangsan: 1001
zhangsan: 1001
-------------------------
lisi: 1001
lisi: 1001
lisi: 1001
]]></system-out>
  <system-err><![CDATA[]]></system-err>
</testsuite>
