<?xml version="1.0" encoding="UTF-8"?>
<testsuite name="com.heyh.thread.junior.create.ThreadCreateTest" tests="1" skipped="0" failures="0" errors="0" timestamp="2019-09-09T06:57:23" hostname="heyhdeMacBook-Pro.local" time="0.002">
  <properties/>
  <testcase name="test1" classname="com.heyh.thread.junior.create.ThreadCreateTest" time="0.002"/>
  <system-out><![CDATA[]]></system-out>
  <system-err><![CDATA[]]></system-err>
</testsuite>
